<?xml version='1.0' encoding='UTF-8'?>
<testsuite hostname="cia-admins-MacBook-Pro.local" name="objsets.TweetSetSuite" tests="7" errors="0" failures="0" skipped="0" time="0.127" timestamp="2020-12-30T03:03:38">
                     <properties>
[...]
</properties>
                     <testcase classname="objsets.TweetSetSuite" name="filter: a on set5" time="0.107">
                                                 
                                               </testcase><testcase classname="objsets.TweetSetSuite" name="filter: on empty set" time="0.007">
                                                 
                                               </testcase><testcase classname="objsets.TweetSetSuite" name="union: set4c and set4d" time="0.005">
                                                 
                                               </testcase><testcase classname="objsets.TweetSetSuite" name="descending: set5" time="0.002">
                                                 
                                               </testcase><testcase classname="objsets.TweetSetSuite" name="union: with empty set1" time="0.001">
                                                 
                                               </testcase><testcase classname="objsets.TweetSetSuite" name="union: with empty set2" time="0.001">
                                                 
                                               </testcase><testcase classname="objsets.TweetSetSuite" name="filter: twenty on set5" time="0.004">
                                                 
                                               </testcase>
                     <system-out><![CDATA[]]></system-out>
                     <system-err><![CDATA[]]></system-err>
                   </testsuite>